{"C:\\Users\\khabo\\Documents\\realtime-elo-ranker-master\\apps\\realtime-elo-ranker-server\\src\\app.module.ts": {"path":"C:\\Users\\khabo\\Documents\\realtime-elo-ranker-master\\apps\\realtime-elo-ranker-server\\src\\app.module.ts","statementMap":{"0":{"start":{"line":1,"column":0},"end":{"line":1,"column":40}},"1":{"start":{"line":2,"column":0},"end":{"line":2,"column":48}},"2":{"start":{"line":3,"column":0},"end":{"line":3,"column":57}},"3":{"start":{"line":4,"column":0},"end":{"line":4,"column":54}},"4":{"start":{"line":5,"column":0},"end":{"line":5,"column":51}},"5":{"start":{"line":20,"column":7},"end":{"line":20,"column":null}},"6":{"start":{"line":20,"column":13},"end":{"line":20,"column":22}},"7":{"start":{"line":20,"column":13},"end":{"line":20,"column":null}}},"fnMap":{},"branchMap":{},"s":{"0":0,"1":0,"2":0,"3":0,"4":0,"5":0,"6":0,"7":0},"f":{},"b":{}}
,"C:\\Users\\khabo\\Documents\\realtime-elo-ranker-master\\apps\\realtime-elo-ranker-server\\src\\main.ts": {"path":"C:\\Users\\khabo\\Documents\\realtime-elo-ranker-master\\apps\\realtime-elo-ranker-server\\src\\main.ts","statementMap":{"0":{"start":{"line":1,"column":0},"end":{"line":1,"column":43}},"1":{"start":{"line":2,"column":0},"end":{"line":2,"column":41}},"2":{"start":{"line":5,"column":14},"end":{"line":5,"column":49}},"3":{"start":{"line":6,"column":2},"end":{"line":8,"column":5}},"4":{"start":{"line":9,"column":2},"end":{"line":9,"column":45}},"5":{"start":{"line":11,"column":0},"end":{"line":11,"column":12}}},"fnMap":{"0":{"name":"bootstrap","decl":{"start":{"line":4,"column":15},"end":{"line":4,"column":24}},"loc":{"start":{"line":4,"column":24},"end":{"line":10,"column":1}}}},"branchMap":{"0":{"loc":{"start":{"line":9,"column":19},"end":{"line":9,"column":43}},"type":"binary-expr","locations":[{"start":{"line":9,"column":19},"end":{"line":9,"column":35}},{"start":{"line":9,"column":39},"end":{"line":9,"column":43}}]}},"s":{"0":0,"1":0,"2":0,"3":0,"4":0,"5":0},"f":{"0":0},"b":{"0":[0,0]}}
,"C:\\Users\\khabo\\Documents\\realtime-elo-ranker-master\\apps\\realtime-elo-ranker-server\\src\\match\\match.controller.ts": {"path":"C:\\Users\\khabo\\Documents\\realtime-elo-ranker-master\\apps\\realtime-elo-ranker-server\\src\\match\\match.controller.ts","statementMap":{"0":{"start":{"line":1,"column":0},"end":{"line":1,"column":56}},"1":{"start":{"line":2,"column":0},"end":{"line":2,"column":47}},"2":{"start":{"line":3,"column":0},"end":{"line":3,"column":56}},"3":{"start":{"line":6,"column":7},"end":{"line":13,"column":null}},"4":{"start":{"line":7,"column":31},"end":{"line":7,"column":45}},"5":{"start":{"line":11,"column":4},"end":{"line":11,"column":63}},"6":{"start":{"line":6,"column":13},"end":{"line":6,"column":28}},"7":{"start":{"line":10,"column":2},"end":{"line":12,"column":null}},"8":{"start":{"line":6,"column":13},"end":{"line":13,"column":null}}},"fnMap":{"0":{"name":"(anonymous_4)","decl":{"start":{"line":7,"column":2},"end":{"line":7,"column":31}},"loc":{"start":{"line":7,"column":57},"end":{"line":7,"column":61}}},"1":{"name":"(anonymous_5)","decl":{"start":{"line":10,"column":2},"end":{"line":10,"column":20}},"loc":{"start":{"line":10,"column":59},"end":{"line":12,"column":3}}}},"branchMap":{},"s":{"0":1,"1":1,"2":1,"3":1,"4":1,"5":0,"6":1,"7":1,"8":1},"f":{"0":1,"1":0},"b":{}}
,"C:\\Users\\khabo\\Documents\\realtime-elo-ranker-master\\apps\\realtime-elo-ranker-server\\src\\match\\match.module.ts": {"path":"C:\\Users\\khabo\\Documents\\realtime-elo-ranker-master\\apps\\realtime-elo-ranker-server\\src\\match\\match.module.ts","statementMap":{"0":{"start":{"line":1,"column":0},"end":{"line":1,"column":40}},"1":{"start":{"line":2,"column":0},"end":{"line":2,"column":55}},"2":{"start":{"line":3,"column":0},"end":{"line":3,"column":47}},"3":{"start":{"line":4,"column":0},"end":{"line":4,"column":53}},"4":{"start":{"line":11,"column":7},"end":{"line":11,"column":null}},"5":{"start":{"line":11,"column":13},"end":{"line":11,"column":24}},"6":{"start":{"line":11,"column":13},"end":{"line":11,"column":null}}},"fnMap":{},"branchMap":{},"s":{"0":0,"1":0,"2":0,"3":0,"4":0,"5":0,"6":0},"f":{},"b":{}}
,"C:\\Users\\khabo\\Documents\\realtime-elo-ranker-master\\apps\\realtime-elo-ranker-server\\src\\match\\match.service.ts": {"path":"C:\\Users\\khabo\\Documents\\realtime-elo-ranker-master\\apps\\realtime-elo-ranker-server\\src\\match\\match.service.ts","statementMap":{"0":{"start":{"line":1,"column":0},"end":{"line":1,"column":44}},"1":{"start":{"line":2,"column":0},"end":{"line":2,"column":57}},"2":{"start":{"line":4,"column":0},"end":{"line":4,"column":54}},"3":{"start":{"line":8,"column":7},"end":{"line":84,"column":null}},"4":{"start":{"line":10,"column":21},"end":{"line":10,"column":36}},"5":{"start":{"line":11,"column":21},"end":{"line":11,"column":35}},"6":{"start":{"line":15,"column":36},"end":{"line":15,"column":50}},"7":{"start":{"line":19,"column":4},"end":{"line":82,"column":9}},"8":{"start":{"line":21,"column":8},"end":{"line":21,"column":30}},"9":{"start":{"line":22,"column":8},"end":{"line":22,"column":49}},"10":{"start":{"line":25,"column":8},"end":{"line":25,"column":29}},"11":{"start":{"line":27,"column":8},"end":{"line":29,"column":9}},"12":{"start":{"line":28,"column":10},"end":{"line":28,"column":59}},"13":{"start":{"line":31,"column":18},"end":{"line":31,"column":20}},"14":{"start":{"line":34,"column":25},"end":{"line":34,"column":93}},"15":{"start":{"line":35,"column":24},"end":{"line":35,"column":92}},"16":{"start":{"line":37,"column":8},"end":{"line":53,"column":9}},"17":{"start":{"line":39,"column":32},"end":{"line":39,"column":72}},"18":{"start":{"line":40,"column":31},"end":{"line":40,"column":69}},"19":{"start":{"line":41,"column":10},"end":{"line":44,"column":13}},"20":{"start":{"line":47,"column":32},"end":{"line":47,"column":70}},"21":{"start":{"line":48,"column":31},"end":{"line":48,"column":67}},"22":{"start":{"line":49,"column":10},"end":{"line":52,"column":13}},"23":{"start":{"line":55,"column":18},"end":{"line":55,"column":52}},"24":{"start":{"line":57,"column":8},"end":{"line":57,"column":30}},"25":{"start":{"line":58,"column":8},"end":{"line":58,"column":49}},"26":{"start":{"line":61,"column":8},"end":{"line":61,"column":29}},"27":{"start":{"line":63,"column":8},"end":{"line":65,"column":9}},"28":{"start":{"line":64,"column":10},"end":{"line":64,"column":59}},"29":{"start":{"line":68,"column":8},"end":{"line":73,"column":11}},"30":{"start":{"line":76,"column":8},"end":{"line":81,"column":11}},"31":{"start":{"line":8,"column":13},"end":{"line":8,"column":25}},"32":{"start":{"line":8,"column":13},"end":{"line":84,"column":null}}},"fnMap":{"0":{"name":"(anonymous_2)","decl":{"start":{"line":9,"column":2},"end":{"line":9,"column":null}},"loc":{"start":{"line":11,"column":48},"end":{"line":12,"column":6}}},"1":{"name":"(anonymous_3)","decl":{"start":{"line":14,"column":2},"end":{"line":14,"column":19}},"loc":{"start":{"line":14,"column":50},"end":{"line":83,"column":3}}},"2":{"name":"(anonymous_4)","decl":{"start":{"line":20,"column":12},"end":{"line":20,"column":18}},"loc":{"start":{"line":20,"column":21},"end":{"line":23,"column":7}}},"3":{"name":"(anonymous_5)","decl":{"start":{"line":24,"column":12},"end":{"line":24,"column":18}},"loc":{"start":{"line":24,"column":21},"end":{"line":54,"column":7}}},"4":{"name":"(anonymous_6)","decl":{"start":{"line":55,"column":12},"end":{"line":55,"column":15}},"loc":{"start":{"line":55,"column":18},"end":{"line":55,"column":52}}},"5":{"name":"(anonymous_7)","decl":{"start":{"line":56,"column":12},"end":{"line":56,"column":18}},"loc":{"start":{"line":56,"column":21},"end":{"line":59,"column":7}}},"6":{"name":"(anonymous_8)","decl":{"start":{"line":60,"column":12},"end":{"line":60,"column":18}},"loc":{"start":{"line":60,"column":21},"end":{"line":82,"column":7}}}},"branchMap":{"0":{"loc":{"start":{"line":27,"column":8},"end":{"line":29,"column":9}},"type":"if","locations":[{"start":{"line":27,"column":8},"end":{"line":29,"column":9}}]},"1":{"loc":{"start":{"line":27,"column":12},"end":{"line":27,"column":41}},"type":"binary-expr","locations":[{"start":{"line":27,"column":12},"end":{"line":27,"column":25}},{"start":{"line":27,"column":29},"end":{"line":27,"column":41}}]},"2":{"loc":{"start":{"line":37,"column":8},"end":{"line":53,"column":9}},"type":"if","locations":[{"start":{"line":37,"column":8},"end":{"line":53,"column":9}},{"start":{"line":45,"column":15},"end":{"line":53,"column":9}}]},"3":{"loc":{"start":{"line":63,"column":8},"end":{"line":65,"column":9}},"type":"if","locations":[{"start":{"line":63,"column":8},"end":{"line":65,"column":9}}]},"4":{"loc":{"start":{"line":63,"column":12},"end":{"line":63,"column":41}},"type":"binary-expr","locations":[{"start":{"line":63,"column":12},"end":{"line":63,"column":25}},{"start":{"line":63,"column":29},"end":{"line":63,"column":41}}]}},"s":{"0":2,"1":2,"2":2,"3":2,"4":2,"5":2,"6":0,"7":0,"8":0,"9":0,"10":0,"11":0,"12":0,"13":0,"14":0,"15":0,"16":0,"17":0,"18":0,"19":0,"20":0,"21":0,"22":0,"23":0,"24":0,"25":0,"26":0,"27":0,"28":0,"29":0,"30":0,"31":2,"32":2},"f":{"0":2,"1":0,"2":0,"3":0,"4":0,"5":0,"6":0},"b":{"0":[0],"1":[0,0],"2":[0,0],"3":[0],"4":[0,0]}}
,"C:\\Users\\khabo\\Documents\\realtime-elo-ranker-master\\apps\\realtime-elo-ranker-server\\src\\match\\dto\\match-result.dto.ts": {"path":"C:\\Users\\khabo\\Documents\\realtime-elo-ranker-master\\apps\\realtime-elo-ranker-server\\src\\match\\dto\\match-result.dto.ts","statementMap":{"0":{"start":{"line":1,"column":0},"end":{"line":1,"column":13}}},"fnMap":{},"branchMap":{},"s":{"0":1},"f":{},"b":{}}
,"C:\\Users\\khabo\\Documents\\realtime-elo-ranker-master\\apps\\realtime-elo-ranker-server\\src\\match\\entities\\match.entity.ts": {"path":"C:\\Users\\khabo\\Documents\\realtime-elo-ranker-master\\apps\\realtime-elo-ranker-server\\src\\match\\entities\\match.entity.ts","statementMap":{"0":{"start":{"line":1,"column":0},"end":{"line":1,"column":13}}},"fnMap":{},"branchMap":{},"s":{"0":0},"f":{},"b":{}}
,"C:\\Users\\khabo\\Documents\\realtime-elo-ranker-master\\apps\\realtime-elo-ranker-server\\src\\player\\player.controller.ts": {"path":"C:\\Users\\khabo\\Documents\\realtime-elo-ranker-master\\apps\\realtime-elo-ranker-server\\src\\player\\player.controller.ts","statementMap":{"0":{"start":{"line":1,"column":0},"end":{"line":1,"column":83}},"1":{"start":{"line":2,"column":0},"end":{"line":2,"column":49}},"2":{"start":{"line":3,"column":0},"end":{"line":3,"column":58}},"3":{"start":{"line":7,"column":7},"end":{"line":14,"column":null}},"4":{"start":{"line":8,"column":31},"end":{"line":8,"column":46}},"5":{"start":{"line":12,"column":4},"end":{"line":12,"column":54}},"6":{"start":{"line":7,"column":13},"end":{"line":7,"column":29}},"7":{"start":{"line":11,"column":2},"end":{"line":13,"column":null}},"8":{"start":{"line":7,"column":13},"end":{"line":14,"column":null}}},"fnMap":{"0":{"name":"(anonymous_4)","decl":{"start":{"line":8,"column":2},"end":{"line":8,"column":31}},"loc":{"start":{"line":8,"column":59},"end":{"line":8,"column":63}}},"1":{"name":"(anonymous_5)","decl":{"start":{"line":11,"column":2},"end":{"line":11,"column":8}},"loc":{"start":{"line":11,"column":49},"end":{"line":13,"column":3}}}},"branchMap":{},"s":{"0":1,"1":1,"2":1,"3":1,"4":2,"5":1,"6":1,"7":1,"8":1},"f":{"0":2,"1":1},"b":{}}
,"C:\\Users\\khabo\\Documents\\realtime-elo-ranker-master\\apps\\realtime-elo-ranker-server\\src\\player\\player.module.ts": {"path":"C:\\Users\\khabo\\Documents\\realtime-elo-ranker-master\\apps\\realtime-elo-ranker-server\\src\\player\\player.module.ts","statementMap":{"0":{"start":{"line":1,"column":0},"end":{"line":1,"column":40}},"1":{"start":{"line":2,"column":0},"end":{"line":2,"column":49}},"2":{"start":{"line":3,"column":0},"end":{"line":3,"column":55}},"3":{"start":{"line":4,"column":0},"end":{"line":4,"column":48}},"4":{"start":{"line":5,"column":0},"end":{"line":5,"column":50}},"5":{"start":{"line":13,"column":7},"end":{"line":13,"column":null}},"6":{"start":{"line":13,"column":13},"end":{"line":13,"column":25}},"7":{"start":{"line":13,"column":13},"end":{"line":13,"column":null}}},"fnMap":{},"branchMap":{},"s":{"0":0,"1":0,"2":0,"3":0,"4":0,"5":0,"6":0,"7":0},"f":{},"b":{}}
,"C:\\Users\\khabo\\Documents\\realtime-elo-ranker-master\\apps\\realtime-elo-ranker-server\\src\\player\\player.service.ts": {"path":"C:\\Users\\khabo\\Documents\\realtime-elo-ranker-master\\apps\\realtime-elo-ranker-server\\src\\player\\player.service.ts","statementMap":{"0":{"start":{"line":1,"column":0},"end":{"line":1,"column":65}},"1":{"start":{"line":2,"column":0},"end":{"line":2,"column":51}},"2":{"start":{"line":3,"column":0},"end":{"line":3,"column":37}},"3":{"start":{"line":4,"column":0},"end":{"line":4,"column":50}},"4":{"start":{"line":6,"column":0},"end":{"line":6,"column":54}},"5":{"start":{"line":11,"column":7},"end":{"line":66,"column":null}},"6":{"start":{"line":14,"column":21},"end":{"line":14,"column":39}},"7":{"start":{"line":15,"column":21},"end":{"line":15,"column":35}},"8":{"start":{"line":19,"column":4},"end":{"line":41,"column":7}},"9":{"start":{"line":20,"column":24},"end":{"line":20,"column":77}},"10":{"start":{"line":20,"column":56},"end":{"line":20,"column":73}},"11":{"start":{"line":21,"column":26},"end":{"line":21,"column":76}},"12":{"start":{"line":23,"column":24},"end":{"line":26,"column":8}},"13":{"start":{"line":28,"column":6},"end":{"line":40,"column":9}},"14":{"start":{"line":29,"column":8},"end":{"line":39,"column":11}},"15":{"start":{"line":30,"column":10},"end":{"line":37,"column":11}},"16":{"start":{"line":31,"column":12},"end":{"line":36,"column":15}},"17":{"start":{"line":38,"column":10},"end":{"line":38,"column":29}},"18":{"start":{"line":45,"column":4},"end":{"line":45,"column":67}},"19":{"start":{"line":49,"column":4},"end":{"line":54,"column":7}},"20":{"start":{"line":50,"column":6},"end":{"line":52,"column":7}},"21":{"start":{"line":51,"column":8},"end":{"line":51,"column":44}},"22":{"start":{"line":53,"column":6},"end":{"line":53,"column":20}},"23":{"start":{"line":58,"column":4},"end":{"line":64,"column":7}},"24":{"start":{"line":59,"column":6},"end":{"line":61,"column":7}},"25":{"start":{"line":60,"column":8},"end":{"line":60,"column":58}},"26":{"start":{"line":62,"column":6},"end":{"line":62,"column":28}},"27":{"start":{"line":63,"column":6},"end":{"line":63,"column":48}},"28":{"start":{"line":11,"column":13},"end":{"line":11,"column":26}},"29":{"start":{"line":11,"column":13},"end":{"line":66,"column":null}}},"fnMap":{"0":{"name":"(anonymous_4)","decl":{"start":{"line":12,"column":2},"end":{"line":12,"column":null}},"loc":{"start":{"line":15,"column":48},"end":{"line":16,"column":6}}},"1":{"name":"(anonymous_5)","decl":{"start":{"line":18,"column":2},"end":{"line":18,"column":8}},"loc":{"start":{"line":18,"column":41},"end":{"line":42,"column":3}}},"2":{"name":"(anonymous_6)","decl":{"start":{"line":19,"column":45},"end":{"line":19,"column":52}},"loc":{"start":{"line":19,"column":55},"end":{"line":41,"column":5}}},"3":{"name":"(anonymous_7)","decl":{"start":{"line":20,"column":39},"end":{"line":20,"column":40}},"loc":{"start":{"line":20,"column":56},"end":{"line":20,"column":73}}},"4":{"name":"(anonymous_8)","decl":{"start":{"line":28,"column":56},"end":{"line":28,"column":67}},"loc":{"start":{"line":28,"column":70},"end":{"line":40,"column":7}}},"5":{"name":"(anonymous_9)","decl":{"start":{"line":29,"column":89},"end":{"line":29,"column":102}},"loc":{"start":{"line":29,"column":105},"end":{"line":39,"column":9}}},"6":{"name":"(anonymous_10)","decl":{"start":{"line":44,"column":2},"end":{"line":44,"column":9}},"loc":{"start":{"line":44,"column":9},"end":{"line":46,"column":3}}},"7":{"name":"(anonymous_11)","decl":{"start":{"line":48,"column":2},"end":{"line":48,"column":9}},"loc":{"start":{"line":48,"column":20},"end":{"line":55,"column":3}}},"8":{"name":"(anonymous_12)","decl":{"start":{"line":49,"column":65},"end":{"line":49,"column":71}},"loc":{"start":{"line":49,"column":74},"end":{"line":54,"column":5}}},"9":{"name":"(anonymous_13)","decl":{"start":{"line":57,"column":2},"end":{"line":57,"column":18}},"loc":{"start":{"line":57,"column":46},"end":{"line":65,"column":3}}},"10":{"name":"(anonymous_14)","decl":{"start":{"line":58,"column":33},"end":{"line":58,"column":39}},"loc":{"start":{"line":58,"column":42},"end":{"line":64,"column":5}}}},"branchMap":{"0":{"loc":{"start":{"line":21,"column":26},"end":{"line":21,"column":76}},"type":"cond-expr","locations":[{"start":{"line":21,"column":43},"end":{"line":21,"column":69}},{"start":{"line":21,"column":72},"end":{"line":21,"column":76}}]},"1":{"loc":{"start":{"line":25,"column":14},"end":{"line":25,"column":56}},"type":"binary-expr","locations":[{"start":{"line":25,"column":14},"end":{"line":25,"column":41}},{"start":{"line":25,"column":45},"end":{"line":25,"column":56}}]},"2":{"loc":{"start":{"line":30,"column":10},"end":{"line":37,"column":11}},"type":"if","locations":[{"start":{"line":30,"column":10},"end":{"line":37,"column":11}}]},"3":{"loc":{"start":{"line":50,"column":6},"end":{"line":52,"column":7}},"type":"if","locations":[{"start":{"line":50,"column":6},"end":{"line":52,"column":7}}]},"4":{"loc":{"start":{"line":59,"column":6},"end":{"line":61,"column":7}},"type":"if","locations":[{"start":{"line":59,"column":6},"end":{"line":61,"column":7}}]}},"s":{"0":6,"1":6,"2":6,"3":6,"4":6,"5":6,"6":13,"7":13,"8":1,"9":1,"10":0,"11":1,"12":1,"13":1,"14":1,"15":1,"16":1,"17":1,"18":1,"19":3,"20":3,"21":1,"22":2,"23":1,"24":1,"25":0,"26":1,"27":1,"28":6,"29":6},"f":{"0":13,"1":1,"2":1,"3":0,"4":1,"5":1,"6":1,"7":3,"8":3,"9":1,"10":1},"b":{"0":[0,1],"1":[1,0],"2":[1],"3":[1],"4":[0]}}
,"C:\\Users\\khabo\\Documents\\realtime-elo-ranker-master\\apps\\realtime-elo-ranker-server\\src\\player\\dto\\create-player.dto.ts": {"path":"C:\\Users\\khabo\\Documents\\realtime-elo-ranker-master\\apps\\realtime-elo-ranker-server\\src\\player\\dto\\create-player.dto.ts","statementMap":{"0":{"start":{"line":1,"column":0},"end":{"line":1,"column":13}}},"fnMap":{},"branchMap":{},"s":{"0":1},"f":{},"b":{}}
,"C:\\Users\\khabo\\Documents\\realtime-elo-ranker-master\\apps\\realtime-elo-ranker-server\\src\\player\\dto\\update-player.dto.ts": {"path":"C:\\Users\\khabo\\Documents\\realtime-elo-ranker-master\\apps\\realtime-elo-ranker-server\\src\\player\\dto\\update-player.dto.ts","statementMap":{"0":{"start":{"line":1,"column":0},"end":{"line":1,"column":51}},"1":{"start":{"line":2,"column":0},"end":{"line":2,"column":54}},"2":{"start":{"line":4,"column":0},"end":{"line":4,"column":13}}},"fnMap":{},"branchMap":{},"s":{"0":0,"1":0,"2":0},"f":{},"b":{}}
,"C:\\Users\\khabo\\Documents\\realtime-elo-ranker-master\\apps\\realtime-elo-ranker-server\\src\\player\\entities\\player.entity.ts": {"path":"C:\\Users\\khabo\\Documents\\realtime-elo-ranker-master\\apps\\realtime-elo-ranker-server\\src\\player\\entities\\player.entity.ts","statementMap":{"0":{"start":{"line":1,"column":0},"end":{"line":1,"column":65}},"1":{"start":{"line":4,"column":7},"end":{"line":10,"column":null}},"2":{"start":{"line":4,"column":13},"end":{"line":4,"column":19}},"3":{"start":{"line":6,"column":2},"end":{"line":6,"column":null}},"4":{"start":{"line":9,"column":2},"end":{"line":9,"column":null}},"5":{"start":{"line":4,"column":13},"end":{"line":10,"column":null}}},"fnMap":{},"branchMap":{},"s":{"0":6,"1":6,"2":6,"3":6,"4":6,"5":6},"f":{},"b":{}}
,"C:\\Users\\khabo\\Documents\\realtime-elo-ranker-master\\apps\\realtime-elo-ranker-server\\src\\ranking\\ranking.controller.ts": {"path":"C:\\Users\\khabo\\Documents\\realtime-elo-ranker-master\\apps\\realtime-elo-ranker-server\\src\\ranking\\ranking.controller.ts","statementMap":{"0":{"start":{"line":1,"column":0},"end":{"line":1,"column":88}},"1":{"start":{"line":2,"column":0},"end":{"line":2,"column":52}},"2":{"start":{"line":3,"column":0},"end":{"line":3,"column":37}},"3":{"start":{"line":6,"column":0},"end":{"line":6,"column":54}},"4":{"start":{"line":8,"column":0},"end":{"line":8,"column":57}},"5":{"start":{"line":12,"column":7},"end":{"line":48,"column":null}},"6":{"start":{"line":13,"column":31},"end":{"line":13,"column":45}},"7":{"start":{"line":14,"column":21},"end":{"line":14,"column":36}},"8":{"start":{"line":19,"column":4},"end":{"line":19,"column":40}},"9":{"start":{"line":24,"column":26},"end":{"line":32,"column":null}},"10":{"start":{"line":26,"column":8},"end":{"line":31,"column":null}},"11":{"start":{"line":35,"column":24},"end":{"line":43,"column":null}},"12":{"start":{"line":37,"column":6},"end":{"line":42,"column":null}},"13":{"start":{"line":46,"column":4},"end":{"line":46,"column":45}},"14":{"start":{"line":12,"column":13},"end":{"line":12,"column":30}},"15":{"start":{"line":18,"column":2},"end":{"line":20,"column":null}},"16":{"start":{"line":23,"column":2},"end":{"line":47,"column":null}},"17":{"start":{"line":12,"column":13},"end":{"line":48,"column":null}}},"fnMap":{"0":{"name":"(anonymous_2)","decl":{"start":{"line":13,"column":2},"end":{"line":13,"column":31}},"loc":{"start":{"line":14,"column":49},"end":{"line":15,"column":7}}},"1":{"name":"(anonymous_3)","decl":{"start":{"line":18,"column":2},"end":{"line":18,"column":9}},"loc":{"start":{"line":18,"column":9},"end":{"line":20,"column":3}}},"2":{"name":"(anonymous_4)","decl":{"start":{"line":23,"column":2},"end":{"line":23,"column":5}},"loc":{"start":{"line":23,"column":5},"end":{"line":47,"column":3}}},"3":{"name":"(anonymous_5)","decl":{"start":{"line":25,"column":10},"end":{"line":25,"column":11}},"loc":{"start":{"line":25,"column":38},"end":{"line":32,"column":7}}},"4":{"name":"(anonymous_6)","decl":{"start":{"line":36,"column":10},"end":{"line":36,"column":11}},"loc":{"start":{"line":36,"column":40},"end":{"line":43,"column":7}}}},"branchMap":{},"s":{"0":1,"1":1,"2":1,"3":1,"4":1,"5":1,"6":1,"7":1,"8":0,"9":0,"10":0,"11":0,"12":0,"13":0,"14":1,"15":1,"16":1,"17":1},"f":{"0":1,"1":0,"2":0,"3":0,"4":0},"b":{}}
,"C:\\Users\\khabo\\Documents\\realtime-elo-ranker-master\\apps\\realtime-elo-ranker-server\\src\\ranking\\ranking.module.ts": {"path":"C:\\Users\\khabo\\Documents\\realtime-elo-ranker-master\\apps\\realtime-elo-ranker-server\\src\\ranking\\ranking.module.ts","statementMap":{"0":{"start":{"line":1,"column":0},"end":{"line":1,"column":40}},"1":{"start":{"line":2,"column":0},"end":{"line":2,"column":59}},"2":{"start":{"line":3,"column":0},"end":{"line":3,"column":51}},"3":{"start":{"line":4,"column":0},"end":{"line":4,"column":57}},"4":{"start":{"line":5,"column":0},"end":{"line":5,"column":55}},"5":{"start":{"line":15,"column":7},"end":{"line":15,"column":null}},"6":{"start":{"line":15,"column":13},"end":{"line":15,"column":26}},"7":{"start":{"line":15,"column":13},"end":{"line":15,"column":null}}},"fnMap":{},"branchMap":{},"s":{"0":0,"1":0,"2":0,"3":0,"4":0,"5":0,"6":0,"7":0},"f":{},"b":{}}
,"C:\\Users\\khabo\\Documents\\realtime-elo-ranker-master\\apps\\realtime-elo-ranker-server\\src\\ranking\\ranking.service.ts": {"path":"C:\\Users\\khabo\\Documents\\realtime-elo-ranker-master\\apps\\realtime-elo-ranker-server\\src\\ranking\\ranking.service.ts","statementMap":{"0":{"start":{"line":1,"column":0},"end":{"line":1,"column":44}},"1":{"start":{"line":3,"column":0},"end":{"line":3,"column":57}},"2":{"start":{"line":7,"column":7},"end":{"line":13,"column":null}},"3":{"start":{"line":8,"column":22},"end":{"line":8,"column":38}},"4":{"start":{"line":11,"column":4},"end":{"line":11,"column":40}},"5":{"start":{"line":7,"column":13},"end":{"line":7,"column":27}},"6":{"start":{"line":7,"column":13},"end":{"line":13,"column":null}}},"fnMap":{"0":{"name":"(anonymous_2)","decl":{"start":{"line":8,"column":2},"end":{"line":8,"column":22}},"loc":{"start":{"line":8,"column":51},"end":{"line":8,"column":55}}},"1":{"name":"(anonymous_3)","decl":{"start":{"line":10,"column":2},"end":{"line":10,"column":16}},"loc":{"start":{"line":10,"column":16},"end":{"line":12,"column":3}}}},"branchMap":{},"s":{"0":2,"1":2,"2":2,"3":3,"4":1,"5":2,"6":2},"f":{"0":3,"1":1},"b":{}}
,"C:\\Users\\khabo\\Documents\\realtime-elo-ranker-master\\apps\\realtime-elo-ranker-server\\src\\ranking\\dto\\update-ranking.dto.ts": {"path":"C:\\Users\\khabo\\Documents\\realtime-elo-ranker-master\\apps\\realtime-elo-ranker-server\\src\\ranking\\dto\\update-ranking.dto.ts","statementMap":{"0":{"start":{"line":1,"column":0},"end":{"line":1,"column":13}}},"fnMap":{},"branchMap":{},"s":{"0":0},"f":{},"b":{}}
,"C:\\Users\\khabo\\Documents\\realtime-elo-ranker-master\\apps\\realtime-elo-ranker-server\\src\\ranking\\entities\\ranking.entity.ts": {"path":"C:\\Users\\khabo\\Documents\\realtime-elo-ranker-master\\apps\\realtime-elo-ranker-server\\src\\ranking\\entities\\ranking.entity.ts","statementMap":{"0":{"start":{"line":1,"column":0},"end":{"line":1,"column":13}}},"fnMap":{},"branchMap":{},"s":{"0":0},"f":{},"b":{}}
}
